0 info it worked if it ends with ok
1 verbose cli [ 'C:\\Program Files\\nodejs\\node.exe',
1 verbose cli   'C:\\Program Files\\nodejs\\node_modules\\npm\\bin\\npm-cli.js',
1 verbose cli   'run',
1 verbose cli   'start',
1 verbose cli   '--scripts-prepend-node-path=auto' ]
2 info using npm@3.10.10
3 info using node@v6.11.2
4 verbose run-script [ 'prestart', 'start', 'poststart' ]
5 info lifecycle swap@0.0.0~prestart: swap@0.0.0
6 silly lifecycle swap@0.0.0~prestart: no script for prestart, continuing
7 info lifecycle swap@0.0.0~start: swap@0.0.0
8 verbose lifecycle swap@0.0.0~start: unsafe-perm in lifecycle true
9 verbose lifecycle swap@0.0.0~start: PATH: C:\Program Files\nodejs\node_modules\npm\bin\node-gyp-bin;C:\Users\ahmed\WebstormProjects\Swap\node_modules\.bin;C:\ProgramData\Oracle\Java\javapath;C:\Python36\Scripts\;C:\Python36\;c:\users\ahmed\gcc\bin;c:\users\ahmed\gcc\libexec\gcc\x86_64-pc-mingw32\4.9.2;C:\Windows\system32;C:\Windows;C:\Windows\System32\Wbem;C:\Windows\System32\WindowsPowerShell\v1.0\;C:\Program Files\Microsoft SQL Server\120\DTS\Binn\;C:\Program Files\Microsoft SQL Server\Client SDK\ODBC\110\Tools\Binn\;C:\Program Files (x86)\Microsoft SQL Server\120\Tools\Binn\;C:\Program Files\Microsoft SQL Server\120\Tools\Binn\;C:\Program Files (x86)\Microsoft SQL Server\120\Tools\Binn\ManagementStudio\;C:\Program Files (x86)\Microsoft SQL Server\120\DTS\Binn\;C:\xampp\php;C:\ProgramData\ComposerSetup\bin;C:\xampp\mysql\bin;C:\Program Files\Git\cmd;C:\Program Files (x86)\GtkSharp\2.12\bin;C:\Program Files\Microsoft SQL Server\130\Tools\Binn\;C:\Program Files (x86)\NVIDIA Corporation\PhysX\Common;C:\Program Files\nodejs\;C:\Program Files\Apache\maven\bin;C:\Visual8\Common7\IDE;C:\Visual8\VC\BIN;C:\Visual8\Common7\Tools;C:\Visual8\Com;C:\Users\ahmed\db-derby-10.14.1.0-bin\bin;C:\Program Files (x86)\Brackets\command;C:\Program Files\Microsoft VS Code\bin;C:\flutter\bin;C:\Users\ahmed\Anaconda3;C:\Users\ahmed\Anaconda3\Scripts;C:\Users\ahmed\Anaconda3\Library\bin;C:\Users\ahmed\AppData\Roaming\Composer\vendor\bin;C:\Program Files\Heroku\bin;C:\Users\ahmed\gcc\bin;C:\opencv\build\x86\vc12\lib;C:\Users\ahmed\AppData\Roaming\npm;C:\Program Files\MongoDB\bin
10 verbose lifecycle swap@0.0.0~start: CWD: C:\Users\ahmed\WebstormProjects\Swap
11 silly lifecycle swap@0.0.0~start: Args: [ '/d /s /c', 'node ./bin/www' ]
12 silly lifecycle swap@0.0.0~start: Returned: code: 1  signal: null
13 info lifecycle swap@0.0.0~start: Failed to exec start script
14 verbose stack Error: swap@0.0.0 start: `node ./bin/www`
14 verbose stack Exit status 1
14 verbose stack     at EventEmitter.<anonymous> (C:\Program Files\nodejs\node_modules\npm\lib\utils\lifecycle.js:255:16)
14 verbose stack     at emitTwo (events.js:106:13)
14 verbose stack     at EventEmitter.emit (events.js:191:7)
14 verbose stack     at ChildProcess.<anonymous> (C:\Program Files\nodejs\node_modules\npm\lib\utils\spawn.js:40:14)
14 verbose stack     at emitTwo (events.js:106:13)
14 verbose stack     at ChildProcess.emit (events.js:191:7)
14 verbose stack     at maybeClose (internal/child_process.js:891:16)
14 verbose stack     at Process.ChildProcess._handle.onexit (internal/child_process.js:226:5)
15 verbose pkgid swap@0.0.0
16 verbose cwd C:\Users\ahmed\WebstormProjects\Swap
17 error Windows_NT 6.1.7601
18 error argv "C:\\Program Files\\nodejs\\node.exe" "C:\\Program Files\\nodejs\\node_modules\\npm\\bin\\npm-cli.js" "run" "start" "--scripts-prepend-node-path=auto"
19 error node v6.11.2
20 error npm  v3.10.10
21 error code ELIFECYCLE
22 error swap@0.0.0 start: `node ./bin/www`
22 error Exit status 1
23 error Failed at the swap@0.0.0 start script 'node ./bin/www'.
23 error Make sure you have the latest version of node.js and npm installed.
23 error If you do, this is most likely a problem with the swap package,
23 error not with npm itself.
23 error Tell the author that this fails on your system:
23 error     node ./bin/www
23 error You can get information on how to open an issue for this project with:
23 error     npm bugs swap
23 error Or if that isn't available, you can get their info via:
23 error     npm owner ls swap
23 error There is likely additional logging output above.
24 verbose exit [ 1, true ]
